02-12-2024 18:19:42 - [main] INFO - data - c.b.c.CustomerServiceApplication - Starting CustomerServiceApplication using Java 17.0.9 with PID 18684 (D:\SpringBoot Apps\latest-apps\bank-app\customer-service\customer-service\target\classes started by sadvik gowda in D:\SpringBoot Apps\latest-apps\bank-app\customer-service\customer-service)
02-12-2024 18:19:42 - [main] INFO - data - c.b.c.CustomerServiceApplication - No active profile set, falling back to 1 default profile: "default"
02-12-2024 18:19:53 - [main] INFO - data - o.s.d.r.c.RepositoryConfigurationDelegate - Bootstrapping Spring Data JPA repositories in DEFAULT mode.
02-12-2024 18:19:55 - [main] INFO - data - o.s.d.r.c.RepositoryConfigurationDelegate - Finished Spring Data repository scanning in 1422 ms. Found 1 JPA repository interface.
02-12-2024 18:19:56 - [main] INFO - data - o.s.cloud.context.scope.GenericScope - BeanFactory id=db218587-be0e-3fb1-a1d9-593456fa40c4
02-12-2024 18:19:58 - [main] WARN - data - o.s.c.s.PostProcessorRegistrationDelegate$BeanPostProcessorChecker - Bean 'org.springframework.cloud.client.loadbalancer.LoadBalancerAutoConfiguration$LoadBalancerInterceptorConfig' of type [org.springframework.cloud.client.loadbalancer.LoadBalancerAutoConfiguration$LoadBalancerInterceptorConfig] is not eligible for getting processed by all BeanPostProcessors (for example: not eligible for auto-proxying). The currently created BeanPostProcessor [lbRestClientPostProcessor] is declared through a non-static factory method on that class; consider declaring it as static instead.
02-12-2024 18:19:58 - [main] WARN - data - o.s.c.s.PostProcessorRegistrationDelegate$BeanPostProcessorChecker - Bean 'org.springframework.cloud.loadbalancer.config.BlockingLoadBalancerClientAutoConfiguration' of type [org.springframework.cloud.loadbalancer.config.BlockingLoadBalancerClientAutoConfiguration] is not eligible for getting processed by all BeanPostProcessors (for example: not eligible for auto-proxying). Is this bean getting eagerly injected into a currently created BeanPostProcessor [lbRestClientPostProcessor]? Check the corresponding BeanPostProcessor declaration and its dependencies.
02-12-2024 18:19:58 - [main] WARN - data - o.s.c.s.PostProcessorRegistrationDelegate$BeanPostProcessorChecker - Bean 'org.springframework.cloud.loadbalancer.config.LoadBalancerAutoConfiguration' of type [org.springframework.cloud.loadbalancer.config.LoadBalancerAutoConfiguration] is not eligible for getting processed by all BeanPostProcessors (for example: not eligible for auto-proxying). Is this bean getting eagerly injected into a currently created BeanPostProcessor [lbRestClientPostProcessor]? Check the corresponding BeanPostProcessor declaration and its dependencies.
02-12-2024 18:19:58 - [main] WARN - data - o.s.c.s.PostProcessorRegistrationDelegate$BeanPostProcessorChecker - Bean 'org.springframework.cloud.commons.config.CommonsConfigAutoConfiguration' of type [org.springframework.cloud.commons.config.CommonsConfigAutoConfiguration] is not eligible for getting processed by all BeanPostProcessors (for example: not eligible for auto-proxying). Is this bean getting eagerly injected into a currently created BeanPostProcessor [lbRestClientPostProcessor]? Check the corresponding BeanPostProcessor declaration and its dependencies.
02-12-2024 18:19:58 - [main] WARN - data - o.s.c.s.PostProcessorRegistrationDelegate$BeanPostProcessorChecker - Bean 'org.springframework.cloud.client.loadbalancer.LoadBalancerDefaultMappingsProviderAutoConfiguration' of type [org.springframework.cloud.client.loadbalancer.LoadBalancerDefaultMappingsProviderAutoConfiguration] is not eligible for getting processed by all BeanPostProcessors (for example: not eligible for auto-proxying). Is this bean getting eagerly injected into a currently created BeanPostProcessor [lbRestClientPostProcessor]? Check the corresponding BeanPostProcessor declaration and its dependencies.
02-12-2024 18:19:58 - [main] WARN - data - o.s.c.s.PostProcessorRegistrationDelegate$BeanPostProcessorChecker - Bean 'loadBalancerClientsDefaultsMappingsProvider' of type [org.springframework.cloud.client.loadbalancer.LoadBalancerDefaultMappingsProviderAutoConfiguration$$Lambda$656/0x00000265174c67b0] is not eligible for getting processed by all BeanPostProcessors (for example: not eligible for auto-proxying). Is this bean getting eagerly injected into a currently created BeanPostProcessor [lbRestClientPostProcessor]? Check the corresponding BeanPostProcessor declaration and its dependencies.
02-12-2024 18:19:58 - [main] WARN - data - o.s.c.s.PostProcessorRegistrationDelegate$BeanPostProcessorChecker - Bean 'defaultsBindHandlerAdvisor' of type [org.springframework.cloud.commons.config.DefaultsBindHandlerAdvisor] is not eligible for getting processed by all BeanPostProcessors (for example: not eligible for auto-proxying). Is this bean getting eagerly injected into a currently created BeanPostProcessor [lbRestClientPostProcessor]? Check the corresponding BeanPostProcessor declaration and its dependencies.
02-12-2024 18:19:58 - [main] WARN - data - o.s.c.s.PostProcessorRegistrationDelegate$BeanPostProcessorChecker - Bean 'spring.cloud.loadbalancer-org.springframework.cloud.client.loadbalancer.LoadBalancerClientsProperties' of type [org.springframework.cloud.client.loadbalancer.LoadBalancerClientsProperties] is not eligible for getting processed by all BeanPostProcessors (for example: not eligible for auto-proxying). Is this bean getting eagerly injected into a currently created BeanPostProcessor [lbRestClientPostProcessor]? Check the corresponding BeanPostProcessor declaration and its dependencies.
02-12-2024 18:19:58 - [main] WARN - data - o.s.c.s.PostProcessorRegistrationDelegate$BeanPostProcessorChecker - Bean 'default.org.springframework.cloud.loadbalancer.config.LoadBalancerAutoConfiguration.LoadBalancerClientSpecification' of type [org.springframework.cloud.loadbalancer.annotation.LoadBalancerClientSpecification] is not eligible for getting processed by all BeanPostProcessors (for example: not eligible for auto-proxying). Is this bean getting eagerly injected into a currently created BeanPostProcessor [lbRestClientPostProcessor]? Check the corresponding BeanPostProcessor declaration and its dependencies.
02-12-2024 18:19:58 - [main] WARN - data - o.s.c.s.PostProcessorRegistrationDelegate$BeanPostProcessorChecker - Bean 'default.org.springframework.cloud.loadbalancer.config.BlockingLoadBalancerClientAutoConfiguration.LoadBalancerClientSpecification' of type [org.springframework.cloud.loadbalancer.annotation.LoadBalancerClientSpecification] is not eligible for getting processed by all BeanPostProcessors (for example: not eligible for auto-proxying). Is this bean getting eagerly injected into a currently created BeanPostProcessor [lbRestClientPostProcessor]? Check the corresponding BeanPostProcessor declaration and its dependencies.
02-12-2024 18:19:58 - [main] WARN - data - o.s.c.s.PostProcessorRegistrationDelegate$BeanPostProcessorChecker - Bean 'default.org.springframework.cloud.netflix.eureka.loadbalancer.LoadBalancerEurekaAutoConfiguration.LoadBalancerClientSpecification' of type [org.springframework.cloud.loadbalancer.annotation.LoadBalancerClientSpecification] is not eligible for getting processed by all BeanPostProcessors (for example: not eligible for auto-proxying). Is this bean getting eagerly injected into a currently created BeanPostProcessor [lbRestClientPostProcessor]? Check the corresponding BeanPostProcessor declaration and its dependencies.
02-12-2024 18:19:58 - [main] WARN - data - o.s.c.s.PostProcessorRegistrationDelegate$BeanPostProcessorChecker - Bean 'loadBalancerClientFactory' of type [org.springframework.cloud.loadbalancer.support.LoadBalancerClientFactory] is not eligible for getting processed by all BeanPostProcessors (for example: not eligible for auto-proxying). Is this bean getting eagerly injected into a currently created BeanPostProcessor [lbRestClientPostProcessor]? Check the corresponding BeanPostProcessor declaration and its dependencies.
02-12-2024 18:19:58 - [main] WARN - data - o.s.c.s.PostProcessorRegistrationDelegate$BeanPostProcessorChecker - Bean 'blockingLoadBalancerClient' of type [org.springframework.cloud.loadbalancer.blocking.client.BlockingLoadBalancerClient] is not eligible for getting processed by all BeanPostProcessors (for example: not eligible for auto-proxying). Is this bean getting eagerly injected into a currently created BeanPostProcessor [lbRestClientPostProcessor]? Check the corresponding BeanPostProcessor declaration and its dependencies.
02-12-2024 18:19:58 - [main] WARN - data - o.s.c.s.PostProcessorRegistrationDelegate$BeanPostProcessorChecker - Bean 'restTemplateConf' of type [com.bank.customerservice.config.RestTemplateConf$$SpringCGLIB$$0] is not eligible for getting processed by all BeanPostProcessors (for example: not eligible for auto-proxying). Is this bean getting eagerly injected into a currently created BeanPostProcessor [lbRestClientPostProcessor]? Check the corresponding BeanPostProcessor declaration and its dependencies.
02-12-2024 18:19:59 - [main] WARN - data - o.s.c.s.PostProcessorRegistrationDelegate$BeanPostProcessorChecker - Bean 'restTemplate' of type [org.springframework.web.client.RestTemplate] is not eligible for getting processed by all BeanPostProcessors (for example: not eligible for auto-proxying). Is this bean getting eagerly injected into a currently created BeanPostProcessor [lbRestClientPostProcessor]? Check the corresponding BeanPostProcessor declaration and its dependencies.
02-12-2024 18:19:59 - [main] WARN - data - o.s.c.s.PostProcessorRegistrationDelegate$BeanPostProcessorChecker - Bean 'loadBalancerServiceInstanceCookieTransformer' of type [org.springframework.cloud.loadbalancer.core.LoadBalancerServiceInstanceCookieTransformer] is not eligible for getting processed by all BeanPostProcessors (for example: not eligible for auto-proxying). Is this bean getting eagerly injected into a currently created BeanPostProcessor [lbRestClientPostProcessor]? Check the corresponding BeanPostProcessor declaration and its dependencies.
02-12-2024 18:19:59 - [main] WARN - data - o.s.c.s.PostProcessorRegistrationDelegate$BeanPostProcessorChecker - Bean 'xForwarderHeadersTransformer' of type [org.springframework.cloud.loadbalancer.blocking.XForwardedHeadersTransformer] is not eligible for getting processed by all BeanPostProcessors (for example: not eligible for auto-proxying). Is this bean getting eagerly injected into a currently created BeanPostProcessor [lbRestClientPostProcessor]? Check the corresponding BeanPostProcessor declaration and its dependencies.
02-12-2024 18:19:59 - [main] WARN - data - o.s.c.s.PostProcessorRegistrationDelegate$BeanPostProcessorChecker - Bean 'org.springframework.cloud.client.loadbalancer.LoadBalancerAutoConfiguration' of type [org.springframework.cloud.client.loadbalancer.LoadBalancerAutoConfiguration] is not eligible for getting processed by all BeanPostProcessors (for example: not eligible for auto-proxying). Is this bean getting eagerly injected into a currently created BeanPostProcessor [lbRestClientPostProcessor]? Check the corresponding BeanPostProcessor declaration and its dependencies.
02-12-2024 18:19:59 - [main] WARN - data - o.s.c.s.PostProcessorRegistrationDelegate$BeanPostProcessorChecker - Bean 'loadBalancerRequestFactory' of type [org.springframework.cloud.client.loadbalancer.LoadBalancerRequestFactory] is not eligible for getting processed by all BeanPostProcessors (for example: not eligible for auto-proxying). Is this bean getting eagerly injected into a currently created BeanPostProcessor [lbRestClientPostProcessor]? Check the corresponding BeanPostProcessor declaration and its dependencies.
02-12-2024 18:19:59 - [main] WARN - data - o.s.c.s.PostProcessorRegistrationDelegate$BeanPostProcessorChecker - Bean 'loadBalancerInterceptor' of type [org.springframework.cloud.client.loadbalancer.LoadBalancerInterceptor] is not eligible for getting processed by all BeanPostProcessors (for example: not eligible for auto-proxying). Is this bean getting eagerly injected into a currently created BeanPostProcessor [lbRestClientPostProcessor]? Check the corresponding BeanPostProcessor declaration and its dependencies.
02-12-2024 18:20:00 - [main] INFO - data - o.s.b.w.e.tomcat.TomcatWebServer - Tomcat initialized with port 8090 (http)
02-12-2024 18:20:00 - [main] INFO - data - o.a.catalina.core.StandardService - Starting service [Tomcat]
02-12-2024 18:20:00 - [main] INFO - data - o.a.catalina.core.StandardEngine - Starting Servlet engine: [Apache Tomcat/10.1.18]
02-12-2024 18:20:00 - [main] INFO - data - o.a.c.c.C.[.[localhost].[/bank] - Initializing Spring embedded WebApplicationContext
02-12-2024 18:20:00 - [main] INFO - data - o.s.b.w.s.c.ServletWebServerApplicationContext - Root WebApplicationContext: initialization completed in 17593 ms
02-12-2024 18:20:01 - [main] INFO - data - com.zaxxer.hikari.HikariDataSource - HikariPool-1 - Starting...
02-12-2024 18:20:01 - [main] INFO - data - com.zaxxer.hikari.pool.HikariPool - HikariPool-1 - Added connection conn0: url=jdbc:h2:mem:testdb user=SA
02-12-2024 18:20:01 - [main] INFO - data - com.zaxxer.hikari.HikariDataSource - HikariPool-1 - Start completed.
02-12-2024 18:20:01 - [main] INFO - data - o.s.b.a.h.H2ConsoleAutoConfiguration - H2 console available at '/h2-console'. Database available at 'jdbc:h2:mem:testdb'
02-12-2024 18:20:02 - [main] INFO - data - o.h.jpa.internal.util.LogHelper - HHH000204: Processing PersistenceUnitInfo [name: default]
02-12-2024 18:20:03 - [main] INFO - data - org.hibernate.Version - HHH000412: Hibernate ORM core version 6.4.1.Final
02-12-2024 18:20:03 - [main] INFO - data - o.h.c.i.RegionFactoryInitiator - HHH000026: Second-level cache disabled
02-12-2024 18:20:04 - [main] INFO - data - o.s.o.j.p.SpringPersistenceUnitInfo - No LoadTimeWeaver setup: ignoring JPA class transformer
02-12-2024 18:20:04 - [main] WARN - data - org.hibernate.orm.deprecation - HHH90000025: H2Dialect does not need to be specified explicitly using 'hibernate.dialect' (remove the property setting and it will be selected by default)
02-12-2024 18:20:15 - [main] INFO - data - o.h.e.t.j.p.i.JtaPlatformInitiator - HHH000489: No JTA platform available (set 'hibernate.transaction.jta.platform' to enable JTA platform integration)
02-12-2024 18:20:15 - [main] INFO - data - o.s.o.j.LocalContainerEntityManagerFactoryBean - Initialized JPA EntityManagerFactory for persistence unit 'default'
02-12-2024 18:20:17 - [main] WARN - data - o.s.b.a.o.j.JpaBaseConfiguration$JpaWebConfiguration - spring.jpa.open-in-view is enabled by default. Therefore, database queries may be performed during view rendering. Explicitly configure spring.jpa.open-in-view to disable this warning
02-12-2024 18:20:22 - [main] INFO - data - o.s.c.n.e.c.DiscoveryClientOptionalArgsConfiguration - Eureka HTTP Client uses RestTemplate.
02-12-2024 18:20:22 - [main] INFO - data - o.s.c.n.eureka.InstanceInfoFactory - Setting initial instance status as: STARTING
02-12-2024 18:20:22 - [main] INFO - data - c.netflix.discovery.DiscoveryClient - Initializing Eureka in region us-east-1
02-12-2024 18:20:22 - [main] INFO - data - c.netflix.discovery.DiscoveryClient - Client configured to neither register nor query for data.
02-12-2024 18:20:22 - [main] INFO - data - c.netflix.discovery.DiscoveryClient - Discovery Client initialized at timestamp 1707742222765 with initial instances count: 0
02-12-2024 18:20:22 - [main] INFO - data - o.s.c.n.e.s.EurekaServiceRegistry - Registering application CUSTOMER-SERVICE with eureka with status UP
02-12-2024 18:20:22 - [main] INFO - data - o.s.b.w.e.tomcat.TomcatWebServer - Tomcat started on port 8090 (http) with context path '/bank'
02-12-2024 18:20:22 - [main] INFO - data - o.s.c.n.e.s.EurekaAutoServiceRegistration - Updating port to 8090
02-12-2024 18:20:23 - [main] INFO - data - o.s.b.w.e.tomcat.TomcatWebServer - Tomcat initialized with port 9000 (http)
02-12-2024 18:20:23 - [main] INFO - data - o.a.catalina.core.StandardService - Starting service [Tomcat]
02-12-2024 18:20:23 - [main] INFO - data - o.a.catalina.core.StandardEngine - Starting Servlet engine: [Apache Tomcat/10.1.18]
02-12-2024 18:20:23 - [main] INFO - data - o.a.c.c.C.[Tomcat-1].[localhost].[/] - Initializing Spring embedded WebApplicationContext
02-12-2024 18:20:23 - [main] INFO - data - o.s.b.w.s.c.ServletWebServerApplicationContext - Root WebApplicationContext: initialization completed in 368 ms
02-12-2024 18:20:23 - [main] INFO - data - o.s.b.a.e.web.EndpointLinksResolver - Exposing 25 endpoint(s) beneath base path '/actuator'
02-12-2024 18:20:23 - [main] INFO - data - o.s.b.w.e.tomcat.TomcatWebServer - Tomcat started on port 9000 (http) with context path ''
02-12-2024 18:20:24 - [main] INFO - data - c.b.c.CustomerServiceApplication - Started CustomerServiceApplication in 46.576 seconds (process running for 53.661)
02-12-2024 18:20:38 - [SpringApplicationShutdownHook] INFO - data - o.s.c.n.e.s.EurekaServiceRegistry - Unregistering application CUSTOMER-SERVICE with eureka with status DOWN
02-12-2024 18:20:38 - [SpringApplicationShutdownHook] INFO - data - o.s.o.j.LocalContainerEntityManagerFactoryBean - Closing JPA EntityManagerFactory for persistence unit 'default'
02-12-2024 18:20:38 - [SpringApplicationShutdownHook] INFO - data - com.zaxxer.hikari.HikariDataSource - HikariPool-1 - Shutdown initiated...
02-12-2024 18:20:38 - [SpringApplicationShutdownHook] INFO - data - com.zaxxer.hikari.HikariDataSource - HikariPool-1 - Shutdown completed.
02-12-2024 18:20:38 - [SpringApplicationShutdownHook] INFO - data - c.netflix.discovery.DiscoveryClient - Shutting down DiscoveryClient ...
02-12-2024 18:20:38 - [SpringApplicationShutdownHook] INFO - data - c.netflix.discovery.DiscoveryClient - Completed shut down of DiscoveryClient
